
=== Sun Mar 24 19:33:57 2019

Packages were changed.
Update Mode: updateDependencies

The following packages were added:
  com.unity.collab-proxy@1.2.15
The following packages were updated:
  com.unity.package-manager-ui from version 1.9.11 to 2.0.7
  com.unity.textmeshpro from version 1.2.4 to 1.3.0

=== Sun Mar 24 22:10:57 2019

Packages were changed.
Update Mode: updateDependencies

The following packages were added:
  com.unity.2d.tilemap@1.0.0
  com.unity.timeline@1.0.0
  com.unity.2d.sprite@1.0.0
  com.unity.modules.androidjni@1.0.0
  com.unity.modules.audio@1.0.0
  com.unity.modules.director@1.0.0
  com.unity.modules.video@1.0.0
  com.unity.modules.vr@1.0.0
  com.unity.modules.xr@1.0.0
  com.unity.multiplayer-hlapi@1.0.1
  com.unity.xr.legacyinputhelpers@1.0.0
The following packages were updated:
  com.unity.collab-proxy from version 1.2.15 to 1.2.16
  com.unity.package-manager-ui from version 2.0.7 to 2.2.0

=== Fri May 10 18:48:19 2019

Packages were changed.
Update Mode: updateDependencies

The following packages were added:
  com.unity.ide.vscode@1.0.4
  com.unity.ide.visualstudio@1.0.5
  com.unity.ide.rider@1.0.4
The following packages were updated:
  com.unity.textmeshpro from version 1.3.0 to 2.0.0
